<?xml version="1.0" encoding="UTF-8"?>
<!-- Generated by org.testng.reporters.JUnitReportReporter -->
<testsuite skipped="0" hostname="ATMECSINLT-283" name="com.website.script.HomePageScript" tests="7" failures="0" timestamp="2019-10-13T17:04:07 IST" time="45.096" errors="0">
  <testcase name="click" time="7.603" classname="com.website.script.HomePageScript"/>
  <testcase name="click" time="6.035" classname="com.website.script.HomePageScript"/>
  <testcase name="click" time="5.280" classname="com.website.script.HomePageScript"/>
  <testcase name="click" time="6.815" classname="com.website.script.HomePageScript"/>
  <testcase name="click" time="5.977" classname="com.website.script.HomePageScript"/>
  <testcase name="click" time="6.218" classname="com.website.script.HomePageScript"/>
  <testcase name="click" time="7.168" classname="com.website.script.HomePageScript"/>
</testsuite> <!-- com.website.script.HomePageScript -->
