<?xml version="1.0" encoding="UTF-8"?>
<!-- Generated by org.testng.reporters.JUnitReportReporter -->
<testsuite skipped="0" hostname="ATMECSINLT-283" name="com.website.script.HomePageScript" tests="7" failures="0" timestamp="2019-10-13T17:19:58 IST" time="88.956" errors="0">
  <testcase name="click" time="12.927" classname="com.website.script.HomePageScript"/>
  <testcase name="click" time="12.211" classname="com.website.script.HomePageScript"/>
  <testcase name="click" time="12.686" classname="com.website.script.HomePageScript"/>
  <testcase name="click" time="12.645" classname="com.website.script.HomePageScript"/>
  <testcase name="click" time="12.641" classname="com.website.script.HomePageScript"/>
  <testcase name="click" time="12.993" classname="com.website.script.HomePageScript"/>
  <testcase name="click" time="12.853" classname="com.website.script.HomePageScript"/>
</testsuite> <!-- com.website.script.HomePageScript -->
